<?xml version="1.0" encoding="UTF-8"?>
<testng-results ignored="0" total="11" passed="11" failed="0" skipped="0">
  <reporter-output>
    <line>
      <![CDATA[successfully proceeded to LoginPage]]>
    </line>
    <line>
      <![CDATA[successfully proceeded to LoginPage]]>
    </line>
    <line>
      <![CDATA[successfully proceeded to LoginPage]]>
    </line>
    <line>
      <![CDATA[successfully proceeded to LoginPage]]>
    </line>
    <line>
      <![CDATA[successfully proceeded to SignUpPage]]>
    </line>
    <line>
      <![CDATA[successfully proceeded to loginPage]]>
    </line>
    <line>
      <![CDATA[successfully proceeded to LoginPage]]>
    </line>
    <line>
      <![CDATA[failed to proceeded to loginPage]]>
    </line>
    <line>
      <![CDATA[successfully proceeded to SignUpPage]]>
    </line>
    <line>
      <![CDATA[successfully proceeded to SignUpPage]]>
    </line>
    <line>
      <![CDATA[successfully proceeded to SignUpPage]]>
    </line>
    <line>
      <![CDATA[email entered]]>
    </line>
    <line>
      <![CDATA[email button clicked]]>
    </line>
    <line>
      <![CDATA[password entered]]>
    </line>
    <line>
      <![CDATA[password is too long]]>
    </line>
    <line>
      <![CDATA[email entered]]>
    </line>
    <line>
      <![CDATA[email button clicked]]>
    </line>
    <line>
      <![CDATA[password entered]]>
    </line>
    <line>
      <![CDATA[password may be compromised]]>
    </line>
    <line>
      <![CDATA[username entered]]>
    </line>
    <line>
      <![CDATA[password entered]]>
    </line>
    <line>
      <![CDATA[button clicked]]>
    </line>
    <line>
      <![CDATA[login successful]]>
    </line>
    <line>
      <![CDATA[send feedback]]>
    </line>
    <line>
      <![CDATA[email entered]]>
    </line>
    <line>
      <![CDATA[email button clicked]]>
    </line>
    <line>
      <![CDATA[password entered]]>
    </line>
    <line>
      <![CDATA[password needs a number and lowercase letter]]>
    </line>
    <line>
      <![CDATA[username entered]]>
    </line>
    <line>
      <![CDATA[password entered]]>
    </line>
    <line>
      <![CDATA[button clicked]]>
    </line>
    <line>
      <![CDATA[login failed]]>
    </line>
    <line>
      <![CDATA[incorrect username or password.]]>
    </line>
    <line>
      <![CDATA[username entered]]>
    </line>
    <line>
      <![CDATA[password entered]]>
    </line>
    <line>
      <![CDATA[button clicked]]>
    </line>
    <line>
      <![CDATA[login successful]]>
    </line>
    <line>
      <![CDATA[repository clicked]]>
    </line>
    <line>
      <![CDATA[repo name entered]]>
    </line>
    <line>
      <![CDATA[trieu-nhat-222 is available.]]>
    </line>
    <line>
      <![CDATA[username entered]]>
    </line>
    <line>
      <![CDATA[password entered]]>
    </line>
    <line>
      <![CDATA[button clicked]]>
    </line>
    <line>
      <![CDATA[login successful]]>
    </line>
    <line>
      <![CDATA[repository clicked]]>
    </line>
    <line>
      <![CDATA[create repo clicked]]>
    </line>
    <line>
      <![CDATA[new repository name must not be blank]]>
    </line>
    <line>
      <![CDATA[username entered]]>
    </line>
    <line>
      <![CDATA[password entered]]>
    </line>
    <line>
      <![CDATA[button clicked]]>
    </line>
    <line>
      <![CDATA[login successful]]>
    </line>
    <line>
      <![CDATA[chosen repo clicked]]>
    </line>
    <line>
      <![CDATA[chosen file clicked]]>
    </line>
    <line>
      <![CDATA[Edit File button clicked]]>
    </line>
    <line>
      <![CDATA[Typed in]]>
    </line>
    <line>
      <![CDATA[Commit changes button clicked]]>
    </line>
    <line>
      <![CDATA['commit changes' confirmation button clicked]]>
    </line>
    <line>
      <![CDATA[successfully updated]]>
    </line>
    <line>
      <![CDATA[email entered]]>
    </line>
    <line>
      <![CDATA[email is invalid or already taken]]>
    </line>
    <line>
      <![CDATA[username entered]]>
    </line>
    <line>
      <![CDATA[password entered]]>
    </line>
    <line>
      <![CDATA[button clicked]]>
    </line>
    <line>
      <![CDATA[login successful]]>
    </line>
    <line>
      <![CDATA[repository clicked]]>
    </line>
    <line>
      <![CDATA[repo name entered]]>
    </line>
    <line>
      <![CDATA[username entered]]>
    </line>
    <line>
      <![CDATA[password entered]]>
    </line>
    <line>
      <![CDATA[button clicked]]>
    </line>
    <line>
      <![CDATA[login successful]]>
    </line>
    <line>
      <![CDATA[chosen repo clicked]]>
    </line>
    <line>
      <![CDATA[chosen file clicked]]>
    </line>
    <line>
      <![CDATA['create file' button clicked]]>
    </line>
    <line>
      <![CDATA[name input]]>
    </line>
    <line>
      <![CDATA[content typed in]]>
    </line>
    <line>
      <![CDATA[Commit changes button clicked]]>
    </line>
    <line>
      <![CDATA['commit changes' confirmation button clicked]]>
    </line>
    <line>
      <![CDATA[newest file has been added]]>
    </line>
  </reporter-output>
  <suite started-at="2023-08-19T19:33:29 ICT" name="Suite" finished-at="2023-08-19T19:35:29 ICT" duration-ms="119605">
    <groups>
      <group name="case 12">
        <method signature="Testcase_CreateNewFile.test()[pri:0, instance:testcase.Testcase_CreateNewFile@cb0755b]" name="test" class="testcase.Testcase_CreateNewFile"/>
      </group> <!-- case 12 -->
      <group name="case 6">
        <method signature="Testcase_InvalidOrTakenEmail.test()[pri:0, instance:testcase.Testcase_InvalidOrTakenEmail@4b013c76]" name="test" class="testcase.Testcase_InvalidOrTakenEmail"/>
        <method signature="Testcase_passwordNotSatisfy.test()[pri:0, instance:testcase.Testcase_passwordNotSatisfy@5149d738]" name="test" class="testcase.Testcase_passwordNotSatisfy"/>
      </group> <!-- case 6 -->
      <group name="case 1">
        <method signature="Testcase_BlankRepoName.test()[pri:0, instance:testcase.Testcase_BlankRepoName@4be29ed9]" name="test" class="testcase.Testcase_BlankRepoName"/>
        <method signature="Testcase_CreateRepo.test()[pri:0, instance:testcase.Testcase_CreateRepo@3a7442c7]" name="test" class="testcase.Testcase_CreateRepo"/>
        <method signature="Testcase_EditFile.test()[pri:0, instance:testcase.Testcase_EditFile@548d708a]" name="test" class="testcase.Testcase_EditFile"/>
        <method signature="Testcase_Login.test()[pri:0, instance:testcase.Testcase_Login@53045c6c]" name="test" class="testcase.Testcase_Login"/>
        <method signature="Testcase_SpecialRepoName.test()[pri:0, instance:testcase.Testcase_SpecialRepoName@53fb3dab]" name="test" class="testcase.Testcase_SpecialRepoName"/>
        <method signature="Testcase_passwordCompromised.test()[pri:0, instance:testcase.Testcase_passwordCompromised@795509d9]" name="test" class="testcase.Testcase_passwordCompromised"/>
        <method signature="Testcase_passwordTooLong.test()[pri:0, instance:testcase.Testcase_passwordTooLong@58cbafc2]" name="test" class="testcase.Testcase_passwordTooLong"/>
      </group> <!-- case 1 -->
      <group name="case 2">
        <method signature="Testcase_WrongPassword.test()[pri:0, instance:testcase.Testcase_WrongPassword@6bbe85a8]" name="test" class="testcase.Testcase_WrongPassword"/>
      </group> <!-- case 2 -->
    </groups>
    <test started-at="2023-08-19T19:33:29 ICT" name="Test" finished-at="2023-08-19T19:35:29 ICT" duration-ms="119605">
      <class name="testcase.Testcase_WrongPassword">
        <test-method is-config="true" signature="testSetup()[pri:0, instance:testcase.Testcase_WrongPassword@6bbe85a8]" started-at="2023-08-19T19:33:42 ICT" name="testSetup" finished-at="2023-08-19T19:33:44 ICT" duration-ms="1677" status="PASS">
          <reporter-output>
            <line>
              <![CDATA[failed to proceeded to loginPage]]>
            </line>
          </reporter-output>
        </test-method> <!-- testSetup -->
        <test-method signature="test()[pri:0, instance:testcase.Testcase_WrongPassword@6bbe85a8]" started-at="2023-08-19T19:34:05 ICT" name="test" finished-at="2023-08-19T19:34:06 ICT" duration-ms="1113" status="PASS">
          <reporter-output>
            <line>
              <![CDATA[username entered]]>
            </line>
            <line>
              <![CDATA[password entered]]>
            </line>
            <line>
              <![CDATA[button clicked]]>
            </line>
            <line>
              <![CDATA[login failed]]>
            </line>
            <line>
              <![CDATA[incorrect username or password.]]>
            </line>
          </reporter-output>
        </test-method> <!-- test -->
        <test-method is-config="true" signature="afterTest()[pri:0, instance:testcase.Testcase_WrongPassword@6bbe85a8]" started-at="2023-08-19T19:35:08 ICT" name="afterTest" finished-at="2023-08-19T19:35:13 ICT" duration-ms="5197" status="PASS">
          <reporter-output>
          </reporter-output>
        </test-method> <!-- afterTest -->
      </class> <!-- testcase.Testcase_WrongPassword -->
      <class name="testcase.Testcase_InvalidOrTakenEmail">
        <test-method is-config="true" signature="testSetup()[pri:0, instance:testcase.Testcase_InvalidOrTakenEmail@4b013c76]" started-at="2023-08-19T19:33:36 ICT" name="testSetup" finished-at="2023-08-19T19:33:39 ICT" duration-ms="2542" status="PASS">
          <reporter-output>
            <line>
              <![CDATA[successfully proceeded to SignUpPage]]>
            </line>
          </reporter-output>
        </test-method> <!-- testSetup -->
        <test-method signature="test()[pri:0, instance:testcase.Testcase_InvalidOrTakenEmail@4b013c76]" started-at="2023-08-19T19:34:21 ICT" name="test" finished-at="2023-08-19T19:34:21 ICT" duration-ms="730" status="PASS">
          <reporter-output>
            <line>
              <![CDATA[email entered]]>
            </line>
            <line>
              <![CDATA[email is invalid or already taken]]>
            </line>
          </reporter-output>
        </test-method> <!-- test -->
        <test-method is-config="true" signature="afterTest()[pri:0, instance:testcase.Testcase_InvalidOrTakenEmail@4b013c76]" started-at="2023-08-19T19:34:52 ICT" name="afterTest" finished-at="2023-08-19T19:34:58 ICT" duration-ms="5259" status="PASS">
          <reporter-output>
          </reporter-output>
        </test-method> <!-- afterTest -->
      </class> <!-- testcase.Testcase_InvalidOrTakenEmail -->
      <class name="testcase.Testcase_EditFile">
        <test-method is-config="true" signature="testSetup()[pri:0, instance:testcase.Testcase_EditFile@548d708a]" started-at="2023-08-19T19:33:35 ICT" name="testSetup" finished-at="2023-08-19T19:33:36 ICT" duration-ms="1566" status="PASS">
          <reporter-output>
            <line>
              <![CDATA[successfully proceeded to LoginPage]]>
            </line>
          </reporter-output>
        </test-method> <!-- testSetup -->
        <test-method signature="test()[pri:0, instance:testcase.Testcase_EditFile@548d708a]" started-at="2023-08-19T19:34:14 ICT" name="test" finished-at="2023-08-19T19:34:21 ICT" duration-ms="6657" status="PASS">
          <reporter-output>
            <line>
              <![CDATA[username entered]]>
            </line>
            <line>
              <![CDATA[password entered]]>
            </line>
            <line>
              <![CDATA[button clicked]]>
            </line>
            <line>
              <![CDATA[login successful]]>
            </line>
            <line>
              <![CDATA[chosen repo clicked]]>
            </line>
            <line>
              <![CDATA[chosen file clicked]]>
            </line>
            <line>
              <![CDATA[Edit File button clicked]]>
            </line>
            <line>
              <![CDATA[Typed in]]>
            </line>
            <line>
              <![CDATA[Commit changes button clicked]]>
            </line>
            <line>
              <![CDATA['commit changes' confirmation button clicked]]>
            </line>
            <line>
              <![CDATA[successfully updated]]>
            </line>
          </reporter-output>
        </test-method> <!-- test -->
        <test-method is-config="true" signature="afterTest()[pri:0, instance:testcase.Testcase_EditFile@548d708a]" started-at="2023-08-19T19:34:47 ICT" name="afterTest" finished-at="2023-08-19T19:34:52 ICT" duration-ms="5265" status="PASS">
          <reporter-output>
          </reporter-output>
        </test-method> <!-- afterTest -->
      </class> <!-- testcase.Testcase_EditFile -->
      <class name="testcase.Testcase_CreateNewFile">
        <test-method is-config="true" signature="testSetup()[pri:0, instance:testcase.Testcase_CreateNewFile@cb0755b]" started-at="2023-08-19T19:33:32 ICT" name="testSetup" finished-at="2023-08-19T19:33:33 ICT" duration-ms="1484" status="PASS">
          <reporter-output>
            <line>
              <![CDATA[successfully proceeded to LoginPage]]>
            </line>
          </reporter-output>
        </test-method> <!-- testSetup -->
        <test-method signature="test()[pri:0, instance:testcase.Testcase_CreateNewFile@cb0755b]" started-at="2023-08-19T19:34:24 ICT" name="test" finished-at="2023-08-19T19:34:32 ICT" duration-ms="7319" status="PASS">
          <reporter-output>
            <line>
              <![CDATA[username entered]]>
            </line>
            <line>
              <![CDATA[password entered]]>
            </line>
            <line>
              <![CDATA[button clicked]]>
            </line>
            <line>
              <![CDATA[login successful]]>
            </line>
            <line>
              <![CDATA[chosen repo clicked]]>
            </line>
            <line>
              <![CDATA[chosen file clicked]]>
            </line>
            <line>
              <![CDATA['create file' button clicked]]>
            </line>
            <line>
              <![CDATA[name input]]>
            </line>
            <line>
              <![CDATA[content typed in]]>
            </line>
            <line>
              <![CDATA[Commit changes button clicked]]>
            </line>
            <line>
              <![CDATA['commit changes' confirmation button clicked]]>
            </line>
            <line>
              <![CDATA[newest file has been added]]>
            </line>
          </reporter-output>
        </test-method> <!-- test -->
        <test-method is-config="true" signature="afterTest()[pri:0, instance:testcase.Testcase_CreateNewFile@cb0755b]" started-at="2023-08-19T19:34:37 ICT" name="afterTest" finished-at="2023-08-19T19:34:42 ICT" duration-ms="5253" status="PASS">
          <reporter-output>
          </reporter-output>
        </test-method> <!-- afterTest -->
      </class> <!-- testcase.Testcase_CreateNewFile -->
      <class name="testcase.Testcase_passwordTooLong">
        <test-method is-config="true" signature="testSetup()[pri:0, instance:testcase.Testcase_passwordTooLong@58cbafc2]" started-at="2023-08-19T19:33:52 ICT" name="testSetup" finished-at="2023-08-19T19:33:55 ICT" duration-ms="3341" status="PASS">
          <reporter-output>
            <line>
              <![CDATA[successfully proceeded to SignUpPage]]>
            </line>
          </reporter-output>
        </test-method> <!-- testSetup -->
        <test-method signature="test()[pri:0, instance:testcase.Testcase_passwordTooLong@58cbafc2]" started-at="2023-08-19T19:33:55 ICT" name="test" finished-at="2023-08-19T19:33:59 ICT" duration-ms="3826" status="PASS">
          <reporter-output>
            <line>
              <![CDATA[email entered]]>
            </line>
            <line>
              <![CDATA[email button clicked]]>
            </line>
            <line>
              <![CDATA[password entered]]>
            </line>
            <line>
              <![CDATA[password is too long]]>
            </line>
          </reporter-output>
        </test-method> <!-- test -->
        <test-method is-config="true" signature="afterTest()[pri:0, instance:testcase.Testcase_passwordTooLong@58cbafc2]" started-at="2023-08-19T19:35:24 ICT" name="afterTest" finished-at="2023-08-19T19:35:29 ICT" duration-ms="5258" status="PASS">
          <reporter-output>
          </reporter-output>
        </test-method> <!-- afterTest -->
      </class> <!-- testcase.Testcase_passwordTooLong -->
      <class name="testcase.Testcase_CreateRepo">
        <test-method is-config="true" signature="testSetup()[pri:0, instance:testcase.Testcase_CreateRepo@3a7442c7]" started-at="2023-08-19T19:33:33 ICT" name="testSetup" finished-at="2023-08-19T19:33:35 ICT" duration-ms="1544" status="PASS">
          <reporter-output>
            <line>
              <![CDATA[successfully proceeded to LoginPage]]>
            </line>
          </reporter-output>
        </test-method> <!-- testSetup -->
        <test-method signature="test()[pri:0, instance:testcase.Testcase_CreateRepo@3a7442c7]" started-at="2023-08-19T19:34:06 ICT" name="test" finished-at="2023-08-19T19:34:11 ICT" duration-ms="5009" status="PASS">
          <reporter-output>
            <line>
              <![CDATA[username entered]]>
            </line>
            <line>
              <![CDATA[password entered]]>
            </line>
            <line>
              <![CDATA[button clicked]]>
            </line>
            <line>
              <![CDATA[login successful]]>
            </line>
            <line>
              <![CDATA[repository clicked]]>
            </line>
            <line>
              <![CDATA[repo name entered]]>
            </line>
            <line>
              <![CDATA[trieu-nhat-222 is available.]]>
            </line>
          </reporter-output>
        </test-method> <!-- test -->
        <test-method is-config="true" signature="afterTest()[pri:0, instance:testcase.Testcase_CreateRepo@3a7442c7]" started-at="2023-08-19T19:34:42 ICT" name="afterTest" finished-at="2023-08-19T19:34:47 ICT" duration-ms="5195" status="PASS">
          <reporter-output>
          </reporter-output>
        </test-method> <!-- afterTest -->
      </class> <!-- testcase.Testcase_CreateRepo -->
      <class name="testcase.Testcase_passwordNotSatisfy">
        <test-method is-config="true" signature="testSetup()[pri:0, instance:testcase.Testcase_passwordNotSatisfy@5149d738]" started-at="2023-08-19T19:33:47 ICT" name="testSetup" finished-at="2023-08-19T19:33:52 ICT" duration-ms="4555" status="PASS">
          <reporter-output>
            <line>
              <![CDATA[successfully proceeded to SignUpPage]]>
            </line>
          </reporter-output>
        </test-method> <!-- testSetup -->
        <test-method signature="test()[pri:0, instance:testcase.Testcase_passwordNotSatisfy@5149d738]" started-at="2023-08-19T19:34:03 ICT" name="test" finished-at="2023-08-19T19:34:05 ICT" duration-ms="1747" status="PASS">
          <reporter-output>
            <line>
              <![CDATA[email entered]]>
            </line>
            <line>
              <![CDATA[email button clicked]]>
            </line>
            <line>
              <![CDATA[password entered]]>
            </line>
            <line>
              <![CDATA[password needs a number and lowercase letter]]>
            </line>
          </reporter-output>
        </test-method> <!-- test -->
        <test-method is-config="true" signature="afterTest()[pri:0, instance:testcase.Testcase_passwordNotSatisfy@5149d738]" started-at="2023-08-19T19:35:19 ICT" name="afterTest" finished-at="2023-08-19T19:35:24 ICT" duration-ms="5260" status="PASS">
          <reporter-output>
          </reporter-output>
        </test-method> <!-- afterTest -->
      </class> <!-- testcase.Testcase_passwordNotSatisfy -->
      <class name="testcase.Testcase_Login">
        <test-method is-config="true" signature="testSetup()[pri:0, instance:testcase.Testcase_Login@53045c6c]" started-at="2023-08-19T19:33:39 ICT" name="testSetup" finished-at="2023-08-19T19:33:41 ICT" duration-ms="1579" status="PASS">
          <reporter-output>
            <line>
              <![CDATA[successfully proceeded to loginPage]]>
            </line>
          </reporter-output>
        </test-method> <!-- testSetup -->
        <test-method signature="test()[pri:0, instance:testcase.Testcase_Login@53045c6c]" started-at="2023-08-19T19:34:01 ICT" name="test" finished-at="2023-08-19T19:34:03 ICT" duration-ms="2264" status="PASS">
          <reporter-output>
            <line>
              <![CDATA[username entered]]>
            </line>
            <line>
              <![CDATA[password entered]]>
            </line>
            <line>
              <![CDATA[button clicked]]>
            </line>
            <line>
              <![CDATA[login successful]]>
            </line>
            <line>
              <![CDATA[send feedback]]>
            </line>
          </reporter-output>
        </test-method> <!-- test -->
        <test-method is-config="true" signature="afterTest()[pri:0, instance:testcase.Testcase_Login@53045c6c]" started-at="2023-08-19T19:34:58 ICT" name="afterTest" finished-at="2023-08-19T19:35:03 ICT" duration-ms="5197" status="PASS">
          <reporter-output>
          </reporter-output>
        </test-method> <!-- afterTest -->
      </class> <!-- testcase.Testcase_Login -->
      <class name="testcase.Testcase_SpecialRepoName">
        <test-method is-config="true" signature="testSetup()[pri:0, instance:testcase.Testcase_SpecialRepoName@53fb3dab]" started-at="2023-08-19T19:33:41 ICT" name="testSetup" finished-at="2023-08-19T19:33:42 ICT" duration-ms="1581" status="PASS">
          <reporter-output>
            <line>
              <![CDATA[successfully proceeded to LoginPage]]>
            </line>
          </reporter-output>
        </test-method> <!-- testSetup -->
        <test-method signature="test()[pri:0, instance:testcase.Testcase_SpecialRepoName@53fb3dab]" started-at="2023-08-19T19:34:21 ICT" name="test" finished-at="2023-08-19T19:34:24 ICT" duration-ms="2766" status="PASS">
          <reporter-output>
            <line>
              <![CDATA[username entered]]>
            </line>
            <line>
              <![CDATA[password entered]]>
            </line>
            <line>
              <![CDATA[button clicked]]>
            </line>
            <line>
              <![CDATA[login successful]]>
            </line>
            <line>
              <![CDATA[repository clicked]]>
            </line>
            <line>
              <![CDATA[repo name entered]]>
            </line>
          </reporter-output>
        </test-method> <!-- test -->
        <test-method is-config="true" signature="afterTest()[pri:0, instance:testcase.Testcase_SpecialRepoName@53fb3dab]" started-at="2023-08-19T19:35:03 ICT" name="afterTest" finished-at="2023-08-19T19:35:08 ICT" duration-ms="5197" status="PASS">
          <reporter-output>
          </reporter-output>
        </test-method> <!-- afterTest -->
      </class> <!-- testcase.Testcase_SpecialRepoName -->
      <class name="testcase.Testcase_passwordCompromised">
        <test-method is-config="true" signature="testSetup()[pri:0, instance:testcase.Testcase_passwordCompromised@795509d9]" started-at="2023-08-19T19:33:44 ICT" name="testSetup" finished-at="2023-08-19T19:33:47 ICT" duration-ms="3422" status="PASS">
          <reporter-output>
            <line>
              <![CDATA[successfully proceeded to SignUpPage]]>
            </line>
          </reporter-output>
        </test-method> <!-- testSetup -->
        <test-method signature="test()[pri:0, instance:testcase.Testcase_passwordCompromised@795509d9]" started-at="2023-08-19T19:33:59 ICT" name="test" finished-at="2023-08-19T19:34:01 ICT" duration-ms="1663" status="PASS">
          <reporter-output>
            <line>
              <![CDATA[email entered]]>
            </line>
            <line>
              <![CDATA[email button clicked]]>
            </line>
            <line>
              <![CDATA[password entered]]>
            </line>
            <line>
              <![CDATA[password may be compromised]]>
            </line>
          </reporter-output>
        </test-method> <!-- test -->
        <test-method is-config="true" signature="afterTest()[pri:0, instance:testcase.Testcase_passwordCompromised@795509d9]" started-at="2023-08-19T19:35:13 ICT" name="afterTest" finished-at="2023-08-19T19:35:19 ICT" duration-ms="5245" status="PASS">
          <reporter-output>
          </reporter-output>
        </test-method> <!-- afterTest -->
      </class> <!-- testcase.Testcase_passwordCompromised -->
      <class name="testcase.Testcase_BlankRepoName">
        <test-method is-config="true" signature="testSetup()[pri:0, instance:testcase.Testcase_BlankRepoName@4be29ed9]" started-at="2023-08-19T19:33:29 ICT" name="testSetup" finished-at="2023-08-19T19:33:32 ICT" duration-ms="2404" status="PASS">
          <reporter-output>
            <line>
              <![CDATA[successfully proceeded to LoginPage]]>
            </line>
          </reporter-output>
        </test-method> <!-- testSetup -->
        <test-method signature="test()[pri:0, instance:testcase.Testcase_BlankRepoName@4be29ed9]" started-at="2023-08-19T19:34:11 ICT" name="test" finished-at="2023-08-19T19:34:14 ICT" duration-ms="3180" status="PASS">
          <reporter-output>
            <line>
              <![CDATA[username entered]]>
            </line>
            <line>
              <![CDATA[password entered]]>
            </line>
            <line>
              <![CDATA[button clicked]]>
            </line>
            <line>
              <![CDATA[login successful]]>
            </line>
            <line>
              <![CDATA[repository clicked]]>
            </line>
            <line>
              <![CDATA[create repo clicked]]>
            </line>
            <line>
              <![CDATA[new repository name must not be blank]]>
            </line>
          </reporter-output>
        </test-method> <!-- test -->
        <test-method is-config="true" signature="afterTest()[pri:0, instance:testcase.Testcase_BlankRepoName@4be29ed9]" started-at="2023-08-19T19:34:32 ICT" name="afterTest" finished-at="2023-08-19T19:34:37 ICT" duration-ms="5203" status="PASS">
          <reporter-output>
          </reporter-output>
        </test-method> <!-- afterTest -->
      </class> <!-- testcase.Testcase_BlankRepoName -->
    </test> <!-- Test -->
  </suite> <!-- Suite -->
</testng-results>
