<?xml version="1.0" encoding="UTF-8"?>
<!-- Generated by org.testng.reporters.JUnitXMLReporter -->
<testsuite ignored="0" hostname="DESKTOP-PKIP4S4" failures="0" tests="11" name="Test" time="119.605" errors="0" timestamp="2023-08-19T19:35:29 ICT">
  <testcase classname="testcase.Testcase_passwordTooLong" name="test" time="3.826"/>
  <testcase classname="testcase.Testcase_passwordCompromised" name="test" time="1.663"/>
  <testcase classname="testcase.Testcase_Login" name="test" time="2.264"/>
  <testcase classname="testcase.Testcase_passwordNotSatisfy" name="test" time="1.747"/>
  <testcase classname="testcase.Testcase_WrongPassword" name="test" time="1.113"/>
  <testcase classname="testcase.Testcase_CreateRepo" name="test" time="5.009"/>
  <testcase classname="testcase.Testcase_BlankRepoName" name="test" time="3.18"/>
  <testcase classname="testcase.Testcase_EditFile" name="test" time="6.657"/>
  <testcase classname="testcase.Testcase_InvalidOrTakenEmail" name="test" time="0.73"/>
  <testcase classname="testcase.Testcase_SpecialRepoName" name="test" time="2.766"/>
  <testcase classname="testcase.Testcase_CreateNewFile" name="test" time="7.319"/>
</testsuite> <!-- Test -->
